<?xml version="1.0" encoding="UTF-8"?>
<!-- Generated by org.testng.reporters.JUnitReportReporter -->
<testsuite hostname="DESKTOP-5PD6SOR" failures="0" tests="1" name="com.soprabanking.software.tests.SignInTest" time="40.382" errors="0" timestamp="20 Jun 2019 17:20:33 GMT" skipped="0">
  <testcase classname="com.soprabanking.software.tests.SignInTest" name="verifySignIn" time="40.382"/>
</testsuite> <!-- com.soprabanking.software.tests.SignInTest -->
