<?xml version="1.0" encoding="UTF-8"?>
<!-- Generated by org.testng.reporters.JUnitReportReporter -->
<testsuite hostname="DESKTOP-5PD6SOR" failures="0" tests="1" name="ant.testng.ClassSecond" time="26.134" errors="0" timestamp="29 May 2019 17:27:58 GMT" skipped="0">
  <testcase classname="ant.testng.ClassSecond" name="m2" time="26.134"/>
</testsuite> <!-- ant.testng.ClassSecond -->
