<?xml version="1.0" encoding="UTF-8"?>
<!-- Generated by org.testng.reporters.JUnitReportReporter -->
<testsuite hostname="DESKTOP-5PD6SOR" failures="0" tests="1" name="com.infostretch.seleniumfeatures.test.DropDownTest" time="16.840" errors="0" timestamp="10 Jul 2019 19:15:56 GMT" skipped="0">
  <testcase classname="com.infostretch.seleniumfeatures.test.DropDownTest" name="dropDown" time="16.840"/>
</testsuite> <!-- com.infostretch.seleniumfeatures.test.DropDownTest -->
