<?xml version="1.0" encoding="UTF-8"?>
<!-- Generated by org.testng.reporters.JUnitReportReporter -->
<testsuite hostname="DESKTOP-5PD6SOR" failures="0" tests="1" name="ant.testng.ClassFour" time="71.593" errors="0" timestamp="28 May 2019 15:40:39 GMT" skipped="0">
  <testcase classname="ant.testng.ClassFour" name="m4" time="71.593"/>
</testsuite> <!-- ant.testng.ClassFour -->
