<?xml version="1.0" encoding="UTF-8"?>
<!-- Generated by org.testng.reporters.JUnitReportReporter -->
<testsuite hostname="DESKTOP-5PD6SOR" failures="0" tests="1" name="com.soprabanking.software.tests.SignInTest" time="33.396" errors="0" timestamp="20 Jun 2019 18:53:06 GMT" skipped="0">
  <testcase classname="com.soprabanking.software.tests.SignInTest" name="verifySignIn" time="33.396"/>
</testsuite> <!-- com.soprabanking.software.tests.SignInTest -->
